<?xml version="1.0" encoding="UTF-8"?>
<robot generator="Robot 6.1.1 (Python 3.11.7 on darwin)" generated="20241114 22:14:58.755" rpa="false" schemaversion="4">
<suite id="s1" name="Home" source="/Users/juha/workspace/yo/palautusrepositorio/viikko3/web-login/src/tests/home.robot">
<kw name="Open And Configure Browser" library="resource" type="SETUP">
<if>
<branch type="IF" condition="$BROWSER == 'chrome'">
<kw name="Evaluate" library="BuiltIn">
<var>${options}</var>
<arg>sys.modules['selenium.webdriver'].ChromeOptions()</arg>
<arg>sys</arg>
<doc>Evaluates the given expression in Python and returns the result.</doc>
<msg timestamp="20241114 22:14:58.828" level="INFO">${options} = &lt;selenium.webdriver.chrome.options.Options object at 0x10708ca50&gt;</msg>
<status status="PASS" starttime="20241114 22:14:58.828" endtime="20241114 22:14:58.828"/>
</kw>
<status status="PASS" starttime="20241114 22:14:58.827" endtime="20241114 22:14:58.828"/>
</branch>
<branch type="ELSE IF" condition="$BROWSER == 'firefox'">
<kw name="Evaluate" library="BuiltIn">
<var>${options}</var>
<arg>sys.modules['selenium.webdriver'].FirefoxOptions()</arg>
<arg>sys</arg>
<doc>Evaluates the given expression in Python and returns the result.</doc>
<status status="NOT RUN" starttime="20241114 22:14:58.828" endtime="20241114 22:14:58.828"/>
</kw>
<status status="NOT RUN" starttime="20241114 22:14:58.828" endtime="20241114 22:14:58.828"/>
</branch>
<status status="PASS" starttime="20241114 22:14:58.827" endtime="20241114 22:14:58.828"/>
</if>
<if>
<branch type="IF" condition="$HEADLESS == 'true'">
<kw name="Set Selenium Speed" library="SeleniumLibrary">
<arg>0</arg>
<doc>Sets the delay that is waited after each Selenium command.</doc>
<status status="NOT RUN" starttime="20241114 22:14:58.828" endtime="20241114 22:14:58.828"/>
</kw>
<kw name="Call Method" library="BuiltIn">
<arg>${options}</arg>
<arg>add_argument</arg>
<arg>--headless</arg>
<doc>Calls the named method of the given object with the provided arguments.</doc>
<status status="NOT RUN" starttime="20241114 22:14:58.829" endtime="20241114 22:14:58.829"/>
</kw>
<status status="NOT RUN" starttime="20241114 22:14:58.828" endtime="20241114 22:14:58.829"/>
</branch>
<branch type="ELSE">
<kw name="Set Selenium Speed" library="SeleniumLibrary">
<arg>${DELAY}</arg>
<doc>Sets the delay that is waited after each Selenium command.</doc>
<status status="PASS" starttime="20241114 22:14:58.829" endtime="20241114 22:14:58.829"/>
</kw>
<status status="PASS" starttime="20241114 22:14:58.829" endtime="20241114 22:14:58.829"/>
</branch>
<status status="PASS" starttime="20241114 22:14:58.828" endtime="20241114 22:14:58.829"/>
</if>
<kw name="Open Browser" library="SeleniumLibrary">
<arg>browser=${BROWSER}</arg>
<arg>options=${options}</arg>
<doc>Opens a new browser instance to the optional ``url``.</doc>
<msg timestamp="20241114 22:14:58.829" level="INFO">Opening browser 'chrome' to base url 'None'.</msg>
<status status="PASS" starttime="20241114 22:14:58.829" endtime="20241114 22:14:59.296"/>
</kw>
<status status="PASS" starttime="20241114 22:14:58.827" endtime="20241114 22:14:59.297"/>
</kw>
<test id="s1-t1" name="Click Login Link" line="8">
<kw name="Reset Application And Go To Starting Page" type="SETUP">
<kw name="Reset Application" library="AppLibrary">
<status status="PASS" starttime="20241114 22:14:59.297" endtime="20241114 22:14:59.305"/>
</kw>
<kw name="Go To Starting page">
<kw name="Go To" library="SeleniumLibrary">
<arg>http://localhost:5001/</arg>
<doc>Navigates the current browser window to the provided ``url``.</doc>
<msg timestamp="20241114 22:14:59.305" level="INFO">Opening url 'http://localhost:5001/'</msg>
<status status="PASS" starttime="20241114 22:14:59.305" endtime="20241114 22:14:59.829"/>
</kw>
<status status="PASS" starttime="20241114 22:14:59.305" endtime="20241114 22:14:59.829"/>
</kw>
<status status="PASS" starttime="20241114 22:14:59.297" endtime="20241114 22:14:59.829"/>
</kw>
<kw name="Click Link" library="SeleniumLibrary">
<arg>Login</arg>
<doc>Clicks a link identified by ``locator``.</doc>
<msg timestamp="20241114 22:14:59.830" level="INFO">Clicking link 'Login'.</msg>
<status status="PASS" starttime="20241114 22:14:59.829" endtime="20241114 22:15:01.428"/>
</kw>
<kw name="Login Page Should Be Open" library="resource">
<kw name="Title Should Be" library="SeleniumLibrary">
<arg>Login</arg>
<doc>Verifies that the current page title equals ``title``.</doc>
<msg timestamp="20241114 22:15:01.943" level="INFO">Page title is 'Login'.</msg>
<status status="PASS" starttime="20241114 22:15:01.430" endtime="20241114 22:15:01.943"/>
</kw>
<status status="PASS" starttime="20241114 22:15:01.429" endtime="20241114 22:15:01.944"/>
</kw>
<status status="PASS" starttime="20241114 22:14:59.297" endtime="20241114 22:15:01.944"/>
</test>
<test id="s1-t2" name="Click Register Link" line="12">
<kw name="Reset Application And Go To Starting Page" type="SETUP">
<kw name="Reset Application" library="AppLibrary">
<status status="PASS" starttime="20241114 22:15:01.946" endtime="20241114 22:15:01.955"/>
</kw>
<kw name="Go To Starting page">
<kw name="Go To" library="SeleniumLibrary">
<arg>http://localhost:5001/</arg>
<doc>Navigates the current browser window to the provided ``url``.</doc>
<msg timestamp="20241114 22:15:01.956" level="INFO">Opening url 'http://localhost:5001/'</msg>
<status status="PASS" starttime="20241114 22:15:01.956" endtime="20241114 22:15:02.477"/>
</kw>
<status status="PASS" starttime="20241114 22:15:01.955" endtime="20241114 22:15:02.477"/>
</kw>
<status status="PASS" starttime="20241114 22:15:01.946" endtime="20241114 22:15:02.477"/>
</kw>
<kw name="Click Link" library="SeleniumLibrary">
<arg>Register new user</arg>
<doc>Clicks a link identified by ``locator``.</doc>
<msg timestamp="20241114 22:15:02.479" level="INFO">Clicking link 'Register new user'.</msg>
<status status="PASS" starttime="20241114 22:15:02.478" endtime="20241114 22:15:04.082"/>
</kw>
<kw name="Register Page Should Be Open" library="resource">
<kw name="Title Should Be" library="SeleniumLibrary">
<arg>Register</arg>
<doc>Verifies that the current page title equals ``title``.</doc>
<msg timestamp="20241114 22:15:04.597" level="INFO">Page title is 'Register'.</msg>
<status status="PASS" starttime="20241114 22:15:04.083" endtime="20241114 22:15:04.597"/>
</kw>
<status status="PASS" starttime="20241114 22:15:04.082" endtime="20241114 22:15:04.598"/>
</kw>
<status status="PASS" starttime="20241114 22:15:01.945" endtime="20241114 22:15:04.598"/>
</test>
<kw name="Close Browser" library="SeleniumLibrary" type="TEARDOWN">
<doc>Closes the current browser.</doc>
<status status="PASS" starttime="20241114 22:15:04.600" endtime="20241114 22:15:05.170"/>
</kw>
<status status="PASS" starttime="20241114 22:14:58.756" endtime="20241114 22:15:05.170"/>
</suite>
<statistics>
<total>
<stat pass="2" fail="0" skip="0">All Tests</stat>
</total>
<tag>
</tag>
<suite>
<stat pass="2" fail="0" skip="0" id="s1" name="Home">Home</stat>
</suite>
</statistics>
<errors>
</errors>
</robot>
